Using pre-set license
Built from '2022.3/staging' branch; Version is '2022.3.23f1 (dbb3f7c5b5c6) revision 14398455'; Using compiler version '192829333'; Build Type 'Release'
OS: 'Windows 10  (10.0.19045) 64bit Core' Language: 'ko' Physical Memory: 24539 MB
BatchMode: 1, IsHumanControllingUs: 0, StartBugReporterOnCrash: 0, Is64bit: 1, IsPro: 1

COMMAND LINE ARGUMENTS:
D:\ForUnity\UnitySource\Editor\2022.3.23f1\Editor\Unity.exe
-adb2
-batchMode
-noUpm
-name
AssetImportWorker0
-projectPath
D:/Unity20251Week_2/SecondProject/1WeekProject_2/Lumberjack
-logFile
Logs/AssetImportWorker0.log
-srvPort
49916
Successfully changed project path to: D:/Unity20251Week_2/SecondProject/1WeekProject_2/Lumberjack
D:/Unity20251Week_2/SecondProject/1WeekProject_2/Lumberjack
[UnityMemory] Configuration Parameters - Can be set up in boot.config
    "memorysetup-bucket-allocator-granularity=16"
    "memorysetup-bucket-allocator-bucket-count=8"
    "memorysetup-bucket-allocator-block-size=33554432"
    "memorysetup-bucket-allocator-block-count=8"
    "memorysetup-main-allocator-block-size=16777216"
    "memorysetup-thread-allocator-block-size=16777216"
    "memorysetup-gfx-main-allocator-block-size=16777216"
    "memorysetup-gfx-thread-allocator-block-size=16777216"
    "memorysetup-cache-allocator-block-size=4194304"
    "memorysetup-typetree-allocator-block-size=2097152"
    "memorysetup-profiler-bucket-allocator-granularity=16"
    "memorysetup-profiler-bucket-allocator-bucket-count=8"
    "memorysetup-profiler-bucket-allocator-block-size=33554432"
    "memorysetup-profiler-bucket-allocator-block-count=8"
    "memorysetup-profiler-allocator-block-size=16777216"
    "memorysetup-profiler-editor-allocator-block-size=1048576"
    "memorysetup-temp-allocator-size-main=16777216"
    "memorysetup-job-temp-allocator-block-size=2097152"
    "memorysetup-job-temp-allocator-block-size-background=1048576"
    "memorysetup-job-temp-allocator-reduction-small-platforms=262144"
    "memorysetup-allocator-temp-initial-block-size-main=262144"
    "memorysetup-allocator-temp-initial-block-size-worker=262144"
    "memorysetup-temp-allocator-size-background-worker=32768"
    "memorysetup-temp-allocator-size-job-worker=262144"
    "memorysetup-temp-allocator-size-preload-manager=33554432"
    "memorysetup-temp-allocator-size-nav-mesh-worker=65536"
    "memorysetup-temp-allocator-size-audio-worker=65536"
    "memorysetup-temp-allocator-size-cloud-worker=32768"
    "memorysetup-temp-allocator-size-gi-baking-worker=262144"
    "memorysetup-temp-allocator-size-gfx=262144"
Player connection [5252] Host "[IP] 192.168.35.132 [Port] 0 [Flags] 2 [Guid] 1085034203 [EditorId] 1085034203 [Version] 1048832 [Id] WindowsEditor(7,DESKTOP-CK3UCUG) [Debug] 1 [PackageName] WindowsEditor [ProjectName] Editor" joined multi-casting on [225.0.0.222:54997]...

Player connection [5252] Host "[IP] 192.168.35.132 [Port] 0 [Flags] 2 [Guid] 1085034203 [EditorId] 1085034203 [Version] 1048832 [Id] WindowsEditor(7,DESKTOP-CK3UCUG) [Debug] 1 [PackageName] WindowsEditor [ProjectName] Editor" joined alternative multi-casting on [225.0.0.222:34997]...

[Physics::Module] Initialized MultithreadedJobDispatcher with 7 workers.
Refreshing native plugins compatible for Editor in 12.18 ms, found 3 plugins.
Preloading 0 native plugins for Editor in 0.00 ms.
Initialize engine version: 2022.3.23f1 (dbb3f7c5b5c6)
[Subsystems] Discovering subsystems at path D:/ForUnity/UnitySource/Editor/2022.3.23f1/Editor/Data/Resources/UnitySubsystems
[Subsystems] Discovering subsystems at path D:/Unity20251Week_2/SecondProject/1WeekProject_2/Lumberjack/Assets
GfxDevice: creating device client; threaded=0; jobified=0
Direct3D:
    Version:  Direct3D 11.0 [level 11.1]
    Renderer: NVIDIA GeForce GTX 1070 (ID=0x1b81)
    Vendor:   NVIDIA
    VRAM:     8067 MB
    Driver:   32.0.15.6094
Initialize mono
Mono path[0] = 'D:/ForUnity/UnitySource/Editor/2022.3.23f1/Editor/Data/Managed'
Mono path[1] = 'D:/ForUnity/UnitySource/Editor/2022.3.23f1/Editor/Data/MonoBleedingEdge/lib/mono/unityjit-win32'
Mono config path = 'D:/ForUnity/UnitySource/Editor/2022.3.23f1/Editor/Data/MonoBleedingEdge/etc'
Using monoOptions --debugger-agent=transport=dt_socket,embedding=1,server=y,suspend=n,address=127.0.0.1:56308
Begin MonoManager ReloadAssembly
Registering precompiled unity dll's ...
Register platform support module: D:/ForUnity/UnitySource/Editor/2022.3.23f1/Editor/Data/PlaybackEngines/AndroidPlayer/UnityEditor.Android.Extensions.dll
Register platform support module: D:/ForUnity/UnitySource/Editor/2022.3.23f1/Editor/Data/PlaybackEngines/WindowsStandaloneSupport/UnityEditor.WindowsStandalone.Extensions.dll
Registered in 0.010636 seconds.
- Loaded All Assemblies, in  0.528 seconds
Native extension for WindowsStandalone target not found
Native extension for Android target not found
Android Extension - Scanning For ADB Devices 423 ms
Mono: successfully reloaded assembly
- Finished resetting the current domain, in  0.838 seconds
Domain Reload Profiling: 1366ms
	BeginReloadAssembly (183ms)
		ExecutionOrderSort (0ms)
		DisableScriptedObjects (0ms)
		BackupInstance (0ms)
		ReleaseScriptingObjects (0ms)
		CreateAndSetChildDomain (1ms)
	RebuildCommonClasses (48ms)
	RebuildNativeTypeToScriptingClass (18ms)
	initialDomainReloadingComplete (73ms)
	LoadAllAssembliesAndSetupDomain (205ms)
		LoadAssemblies (185ms)
		RebuildTransferFunctionScriptingTraits (0ms)
		AnalyzeDomain (200ms)
			TypeCache.Refresh (199ms)
				TypeCache.ScanAssembly (181ms)
			ScanForSourceGeneratedMonoScriptInfo (0ms)
			ResolveRequiredComponents (0ms)
	FinalizeReload (839ms)
		ReleaseScriptCaches (0ms)
		RebuildScriptCaches (0ms)
		SetupLoadedEditorAssemblies (767ms)
			LogAssemblyErrors (0ms)
			InitializePlatformSupportModulesInManaged (556ms)
			SetLoadedEditorAssemblies (4ms)
			RefreshPlugins (0ms)
			BeforeProcessingInitializeOnLoad (2ms)
			ProcessInitializeOnLoadAttributes (134ms)
			ProcessInitializeOnLoadMethodAttributes (70ms)
			AfterProcessingInitializeOnLoad (0ms)
			EditorAssembliesLoaded (0ms)
		ExecutionOrderSort2 (0ms)
		AwakeInstancesAfterBackupRestoration (0ms)
========================================================================
Worker process is ready to serve import requests
Begin MonoManager ReloadAssembly
- Loaded All Assemblies, in  0.749 seconds
Refreshing native plugins compatible for Editor in 3.85 ms, found 3 plugins.
Native extension for WindowsStandalone target not found
Native extension for Android target not found
Mono: successfully reloaded assembly
- Finished resetting the current domain, in  0.647 seconds
Domain Reload Profiling: 1395ms
	BeginReloadAssembly (199ms)
		ExecutionOrderSort (0ms)
		DisableScriptedObjects (7ms)
		BackupInstance (0ms)
		ReleaseScriptingObjects (0ms)
		CreateAndSetChildDomain (25ms)
	RebuildCommonClasses (38ms)
	RebuildNativeTypeToScriptingClass (15ms)
	initialDomainReloadingComplete (42ms)
	LoadAllAssembliesAndSetupDomain (453ms)
		LoadAssemblies (357ms)
		RebuildTransferFunctionScriptingTraits (0ms)
		AnalyzeDomain (226ms)
			TypeCache.Refresh (199ms)
				TypeCache.ScanAssembly (179ms)
			ScanForSourceGeneratedMonoScriptInfo (18ms)
			ResolveRequiredComponents (7ms)
	FinalizeReload (647ms)
		ReleaseScriptCaches (0ms)
		RebuildScriptCaches (0ms)
		SetupLoadedEditorAssemblies (466ms)
			LogAssemblyErrors (0ms)
			InitializePlatformSupportModulesInManaged (26ms)
			SetLoadedEditorAssemblies (4ms)
			RefreshPlugins (0ms)
			BeforeProcessingInitializeOnLoad (55ms)
			ProcessInitializeOnLoadAttributes (356ms)
			ProcessInitializeOnLoadMethodAttributes (23ms)
			AfterProcessingInitializeOnLoad (3ms)
			EditorAssembliesLoaded (0ms)
		ExecutionOrderSort2 (0ms)
		AwakeInstancesAfterBackupRestoration (17ms)
Launched and connected shader compiler UnityShaderCompiler.exe after 0.06 seconds
Refreshing native plugins compatible for Editor in 4.18 ms, found 3 plugins.
Preloading 0 native plugins for Editor in 0.00 ms.
Unloading 3234 Unused Serialized files (Serialized files now loaded: 0)
Unloading 33 unused Assets / (57.6 KB). Loaded Objects now: 3708.
Memory consumption went from 136.9 MB to 136.8 MB.
Total: 2.912300 ms (FindLiveObjects: 0.295600 ms CreateObjectMapping: 0.244500 ms MarkObjects: 2.265500 ms  DeleteObjects: 0.105900 ms)

AssetImportParameters requested are different than current active one (requested -> active):
  custom:container-demuxer-ogg: 62fdf1f143b41e24485cea50d1cbac27 -> 
  custom:video-decoder-ogg-theora: a1e56fd34408186e4bbccfd4996cb3dc -> 
  custom:framework-win-MediaFoundation: 216162199b28c13a410421893ffa2e32 -> 
  custom:CustomObjectIndexerAttribute: 9a22284fe3817be447336de3de66b15e -> 
  custom:container-demuxer-webm: 4f35f7cbe854078d1ac9338744f61a02 -> 
  custom:container-muxer-webm: aa71ff27fc2769a1b78a27578f13a17b -> 
  custom:video-decoder-webm-vp8: 9c59270c3fd7afecdb556c50c9e8de78 -> 
  custom:SearchIndexIgnoredProperties: e643bd26f0fe6173181afceb89e7c659 -> 
  custom:AudioImporter_EditorPlatform: d09bf68614088b80899f8185d706f6e7 -> 
  custom:video-encoder-webm-vp8: eb34c28f22e8b96e1ab97ce403110664 -> 
  custom:audio-decoder-ogg-vorbis: bf7c407c2cedff20999df2af8eb42d56 -> 
  custom:audio-encoder-webm-vorbis: bf7c407c2cedff20999df2af8eb42d56 -> 
========================================================================
Received Import Request.
  Time since last request: 247.009525 seconds.
  path: Assets/EnemyAssets/Bee Bumble Sting Evolution Pack Cute Series/Sting Cute Series/FBX/Sting@Fly Forward W Root.FBX
  artifactKey: Guid(da60f0f992fca8b49b5fc18d1b83eba4) Importer(815301076,1909f56bfc062723c751e8b465ee728b)
Start importing Assets/EnemyAssets/Bee Bumble Sting Evolution Pack Cute Series/Sting Cute Series/FBX/Sting@Fly Forward W Root.FBX using Guid(da60f0f992fca8b49b5fc18d1b83eba4) Importer(815301076,1909f56bfc062723c751e8b465ee728b)  -> (artifact id: 'deda410ffa15bf9c14c59457b6f222c3') in 0.177441 seconds
Number of updated asset objects reloaded before import = 0
Number of asset objects unloaded after import = 121
========================================================================
Received Import Request.
  Time since last request: 0.000033 seconds.
  path: Assets/EnemyAssets/Bee Bumble Sting Evolution Pack Cute Series/Sting Cute Series/FBX/Sting@Power Jab Attack.FBX
  artifactKey: Guid(bb2ad69765928044da0885e3a264cd07) Importer(815301076,1909f56bfc062723c751e8b465ee728b)
Start importing Assets/EnemyAssets/Bee Bumble Sting Evolution Pack Cute Series/Sting Cute Series/FBX/Sting@Power Jab Attack.FBX using Guid(bb2ad69765928044da0885e3a264cd07) Importer(815301076,1909f56bfc062723c751e8b465ee728b)  -> (artifact id: 'b5bef153734d99a49b5244663bf15a6d') in 0.047624 seconds
Number of updated asset objects reloaded before import = 0
Number of asset objects unloaded after import = 121
========================================================================
Received Import Request.
  Time since last request: 0.000013 seconds.
  path: Assets/EnemyAssets/Bee Bumble Sting Evolution Pack Cute Series/Sting Cute Series/FBX/Sting@Slice Left Attack.FBX
  artifactKey: Guid(23f819e69fe69ce43a5ee7980102ca5b) Importer(815301076,1909f56bfc062723c751e8b465ee728b)
Start importing Assets/EnemyAssets/Bee Bumble Sting Evolution Pack Cute Series/Sting Cute Series/FBX/Sting@Slice Left Attack.FBX using Guid(23f819e69fe69ce43a5ee7980102ca5b) Importer(815301076,1909f56bfc062723c751e8b465ee728b)  -> (artifact id: '91afcda98e71eed947d5f284abe6261f') in 0.041853 seconds
Number of updated asset objects reloaded before import = 0
Number of asset objects unloaded after import = 121
========================================================================
Received Import Request.
  Time since last request: 0.000018 seconds.
  path: Assets/EnemyAssets/Bee Bumble Sting Evolution Pack Cute Series/Sting Cute Series/FBX/Sting@Sting Attack.FBX
  artifactKey: Guid(741d8bf4e5e82d245a1dde8701c64f77) Importer(815301076,1909f56bfc062723c751e8b465ee728b)
Start importing Assets/EnemyAssets/Bee Bumble Sting Evolution Pack Cute Series/Sting Cute Series/FBX/Sting@Sting Attack.FBX using Guid(741d8bf4e5e82d245a1dde8701c64f77) Importer(815301076,1909f56bfc062723c751e8b465ee728b)  -> (artifact id: '5e30ed839994d1dc04b9cd5d53f5e0d3') in 0.041932 seconds
Number of updated asset objects reloaded before import = 0
Number of asset objects unloaded after import = 121
========================================================================
Received Import Request.
  Time since last request: 0.000023 seconds.
  path: Assets/EnemyAssets/Bee Bumble Sting Evolution Pack Cute Series/Sting Cute Series/FBX
  artifactKey: Guid(006a763877109e149a16e1baa43a1889) Importer(815301076,1909f56bfc062723c751e8b465ee728b)
Start importing Assets/EnemyAssets/Bee Bumble Sting Evolution Pack Cute Series/Sting Cute Series/FBX using Guid(006a763877109e149a16e1baa43a1889) Importer(815301076,1909f56bfc062723c751e8b465ee728b)  -> (artifact id: '3549ebc9400e44597a025960bd535c89') in 0.000586 seconds
Number of updated asset objects reloaded before import = 0
Number of asset objects unloaded after import = 0
========================================================================
Received Import Request.
  Time since last request: 0.000021 seconds.
  path: Assets/EnemyAssets/Bee Bumble Sting Evolution Pack Cute Series/Sting Cute Series/FBX/Sting@Turn Right.FBX
  artifactKey: Guid(3ff6fb5cdeda68b4db35e3ba3b0bad91) Importer(815301076,1909f56bfc062723c751e8b465ee728b)
Start importing Assets/EnemyAssets/Bee Bumble Sting Evolution Pack Cute Series/Sting Cute Series/FBX/Sting@Turn Right.FBX using Guid(3ff6fb5cdeda68b4db35e3ba3b0bad91) Importer(815301076,1909f56bfc062723c751e8b465ee728b)  -> (artifact id: 'e2904324fd2910ef744e4150aae82910') in 0.042986 seconds
Number of updated asset objects reloaded before import = 0
Number of asset objects unloaded after import = 121
========================================================================
Received Import Request.
  Time since last request: 0.000021 seconds.
  path: Assets/EnemyAssets/Bee Bumble Sting Evolution Pack Cute Series/Sting Cute Series/FBX/Sting@Take Damage.FBX
  artifactKey: Guid(6b5ab4dcd3265d64da961170f0e4a84c) Importer(815301076,1909f56bfc062723c751e8b465ee728b)
Start importing Assets/EnemyAssets/Bee Bumble Sting Evolution Pack Cute Series/Sting Cute Series/FBX/Sting@Take Damage.FBX using Guid(6b5ab4dcd3265d64da961170f0e4a84c) Importer(815301076,1909f56bfc062723c751e8b465ee728b)  -> (artifact id: '5454482d07c1e987a8491d8d9ce9b537') in 0.043732 seconds
Number of updated asset objects reloaded before import = 0
Number of asset objects unloaded after import = 121
========================================================================
Received Import Request.
  Time since last request: 8.701790 seconds.
  path: Assets/EnemyAssets/Bee Bumble Sting Evolution Pack Cute Series/Sting Cute Series/Prefabs/Sting.prefab
  artifactKey: Guid(785a71c34aa70094982ab3dc90ecd70f) Importer(815301076,1909f56bfc062723c751e8b465ee728b)
Start importing Assets/EnemyAssets/Bee Bumble Sting Evolution Pack Cute Series/Sting Cute Series/Prefabs/Sting.prefab using Guid(785a71c34aa70094982ab3dc90ecd70f) Importer(815301076,1909f56bfc062723c751e8b465ee728b)  -> (artifact id: '16d5f61c336680f2ce5fe9b79e24dcd1') in 0.268439 seconds
Number of updated asset objects reloaded before import = 0
Number of asset objects unloaded after import = 182
========================================================================
Received Prepare
Begin MonoManager ReloadAssembly
- Loaded All Assemblies, in 24.660 seconds
Refreshing native plugins compatible for Editor in 5.30 ms, found 3 plugins.
Native extension for WindowsStandalone target not found
Native extension for Android target not found
[ScriptCompilation] NOT recompiling all scripts because this is an import worker process. Reason to compile was: Define symbols changed
Mono: successfully reloaded assembly
- Finished resetting the current domain, in 12.674 seconds
Domain Reload Profiling: 37333ms
	BeginReloadAssembly (241ms)
		ExecutionOrderSort (0ms)
		DisableScriptedObjects (5ms)
		BackupInstance (0ms)
		ReleaseScriptingObjects (0ms)
		CreateAndSetChildDomain (53ms)
	RebuildCommonClasses (34ms)
	RebuildNativeTypeToScriptingClass (11ms)
	initialDomainReloadingComplete (34ms)
	LoadAllAssembliesAndSetupDomain (24338ms)
		LoadAssemblies (24381ms)
		RebuildTransferFunctionScriptingTraits (0ms)
		AnalyzeDomain (103ms)
			TypeCache.Refresh (83ms)
				TypeCache.ScanAssembly (69ms)
			ScanForSourceGeneratedMonoScriptInfo (13ms)
			ResolveRequiredComponents (6ms)
	FinalizeReload (12675ms)
		ReleaseScriptCaches (0ms)
		RebuildScriptCaches (0ms)
		SetupLoadedEditorAssemblies (490ms)
			LogAssemblyErrors (0ms)
			InitializePlatformSupportModulesInManaged (26ms)
			SetLoadedEditorAssemblies (5ms)
			RefreshPlugins (0ms)
			BeforeProcessingInitializeOnLoad (59ms)
			ProcessInitializeOnLoadAttributes (371ms)
			ProcessInitializeOnLoadMethodAttributes (25ms)
			AfterProcessingInitializeOnLoad (5ms)
			EditorAssembliesLoaded (0ms)
		ExecutionOrderSort2 (0ms)
		AwakeInstancesAfterBackupRestoration (21ms)
Refreshing native plugins compatible for Editor in 4.29 ms, found 3 plugins.
Preloading 0 native plugins for Editor in 0.00 ms.
Unloading 3345 Unused Serialized files (Serialized files now loaded: 0)
Unloading 62 unused Assets / (3.9 MB). Loaded Objects now: 3817.
Memory consumption went from 149.0 MB to 145.0 MB.
Total: 6.178900 ms (FindLiveObjects: 0.287600 ms CreateObjectMapping: 0.251800 ms MarkObjects: 4.258300 ms  DeleteObjects: 1.378900 ms)

Prepare: number of updated asset objects reloaded= 0
AssetImportParameters requested are different than current active one (requested -> active):
  custom:container-demuxer-ogg: 62fdf1f143b41e24485cea50d1cbac27 -> 
  custom:video-decoder-ogg-theora: a1e56fd34408186e4bbccfd4996cb3dc -> 
  custom:framework-win-MediaFoundation: 216162199b28c13a410421893ffa2e32 -> 
  custom:CustomObjectIndexerAttribute: 9a22284fe3817be447336de3de66b15e -> 
  custom:container-demuxer-webm: 4f35f7cbe854078d1ac9338744f61a02 -> 
  custom:container-muxer-webm: aa71ff27fc2769a1b78a27578f13a17b -> 
  custom:video-decoder-webm-vp8: 9c59270c3fd7afecdb556c50c9e8de78 -> 
  custom:SearchIndexIgnoredProperties: e643bd26f0fe6173181afceb89e7c659 -> 
  custom:AudioImporter_EditorPlatform: d09bf68614088b80899f8185d706f6e7 -> 
  custom:video-encoder-webm-vp8: eb34c28f22e8b96e1ab97ce403110664 -> 
  custom:audio-decoder-ogg-vorbis: bf7c407c2cedff20999df2af8eb42d56 -> 
  custom:audio-encoder-webm-vorbis: bf7c407c2cedff20999df2af8eb42d56 -> 
========================================================================
Received Prepare
Begin MonoManager ReloadAssembly
- Loaded All Assemblies, in  0.794 seconds
Refreshing native plugins compatible for Editor in 6.38 ms, found 3 plugins.
Native extension for WindowsStandalone target not found
Native extension for Android target not found
[ScriptCompilation] NOT recompiling all scripts because this is an import worker process. Reason to compile was: Define symbols changed
Mono: successfully reloaded assembly
- Finished resetting the current domain, in  1.392 seconds
Domain Reload Profiling: 2185ms
	BeginReloadAssembly (261ms)
		ExecutionOrderSort (0ms)
		DisableScriptedObjects (12ms)
		BackupInstance (0ms)
		ReleaseScriptingObjects (0ms)
		CreateAndSetChildDomain (47ms)
	RebuildCommonClasses (50ms)
	RebuildNativeTypeToScriptingClass (16ms)
	initialDomainReloadingComplete (53ms)
	LoadAllAssembliesAndSetupDomain (412ms)
		LoadAssemblies (528ms)
		RebuildTransferFunctionScriptingTraits (0ms)
		AnalyzeDomain (42ms)
			TypeCache.Refresh (25ms)
				TypeCache.ScanAssembly (16ms)
			ScanForSourceGeneratedMonoScriptInfo (8ms)
			ResolveRequiredComponents (8ms)
	FinalizeReload (1392ms)
		ReleaseScriptCaches (0ms)
		RebuildScriptCaches (0ms)
		SetupLoadedEditorAssemblies (571ms)
			LogAssemblyErrors (0ms)
			InitializePlatformSupportModulesInManaged (33ms)
			SetLoadedEditorAssemblies (5ms)
			RefreshPlugins (0ms)
			BeforeProcessingInitializeOnLoad (74ms)
			ProcessInitializeOnLoadAttributes (419ms)
			ProcessInitializeOnLoadMethodAttributes (36ms)
			AfterProcessingInitializeOnLoad (4ms)
			EditorAssembliesLoaded (0ms)
		ExecutionOrderSort2 (0ms)
		AwakeInstancesAfterBackupRestoration (20ms)
Refreshing native plugins compatible for Editor in 4.86 ms, found 3 plugins.
Preloading 0 native plugins for Editor in 0.00 ms.
Unloading 3345 Unused Serialized files (Serialized files now loaded: 0)
Unloading 62 unused Assets / (3.9 MB). Loaded Objects now: 3820.
Memory consumption went from 150.9 MB to 147.0 MB.
Total: 4.007800 ms (FindLiveObjects: 0.278100 ms CreateObjectMapping: 0.258500 ms MarkObjects: 2.243200 ms  DeleteObjects: 1.227100 ms)

Prepare: number of updated asset objects reloaded= 0
AssetImportParameters requested are different than current active one (requested -> active):
  custom:container-demuxer-ogg: 62fdf1f143b41e24485cea50d1cbac27 -> 
  custom:video-decoder-ogg-theora: a1e56fd34408186e4bbccfd4996cb3dc -> 
  custom:framework-win-MediaFoundation: 216162199b28c13a410421893ffa2e32 -> 
  custom:CustomObjectIndexerAttribute: 9a22284fe3817be447336de3de66b15e -> 
  custom:container-demuxer-webm: 4f35f7cbe854078d1ac9338744f61a02 -> 
  custom:container-muxer-webm: aa71ff27fc2769a1b78a27578f13a17b -> 
  custom:video-decoder-webm-vp8: 9c59270c3fd7afecdb556c50c9e8de78 -> 
  custom:SearchIndexIgnoredProperties: e643bd26f0fe6173181afceb89e7c659 -> 
  custom:AudioImporter_EditorPlatform: d09bf68614088b80899f8185d706f6e7 -> 
  custom:video-encoder-webm-vp8: eb34c28f22e8b96e1ab97ce403110664 -> 
  custom:audio-decoder-ogg-vorbis: bf7c407c2cedff20999df2af8eb42d56 -> 
  custom:audio-encoder-webm-vorbis: bf7c407c2cedff20999df2af8eb42d56 -> 
========================================================================
Received Import Request.
  Time since last request: 2124.214622 seconds.
  path: Assets/UI/Blink
  artifactKey: Guid(763819baaafd0fd449ea9ad3473ff94e) Importer(815301076,1909f56bfc062723c751e8b465ee728b)
Start importing Assets/UI/Blink using Guid(763819baaafd0fd449ea9ad3473ff94e) Importer(815301076,1909f56bfc062723c751e8b465ee728b)  -> (artifact id: '30991844642a2d30fa0b5a60fd459b42') in 0.006725 seconds
Number of updated asset objects reloaded before import = 0
Number of asset objects unloaded after import = 0
========================================================================
Received Import Request.
  Time since last request: 0.457316 seconds.
  path: Assets/UI/Blink/Art
  artifactKey: Guid(8c2e4474601091e41aa7e048a1337883) Importer(815301076,1909f56bfc062723c751e8b465ee728b)
Start importing Assets/UI/Blink/Art using Guid(8c2e4474601091e41aa7e048a1337883) Importer(815301076,1909f56bfc062723c751e8b465ee728b)  -> (artifact id: 'f1e26ed4629af2f9af290458d183905e') in 0.000619 seconds
Number of updated asset objects reloaded before import = 0
Number of asset objects unloaded after import = 0
========================================================================
Received Import Request.
  Time since last request: 0.499584 seconds.
  path: Assets/UI/Blink/Art/Icons
  artifactKey: Guid(5f4ab403ec285e44ea195825bb600f88) Importer(815301076,1909f56bfc062723c751e8b465ee728b)
Start importing Assets/UI/Blink/Art/Icons using Guid(5f4ab403ec285e44ea195825bb600f88) Importer(815301076,1909f56bfc062723c751e8b465ee728b)  -> (artifact id: 'ec443de2811838cbcd7979bfe4f58b10') in 0.000524 seconds
Number of updated asset objects reloaded before import = 0
Number of asset objects unloaded after import = 0
========================================================================
Received Import Request.
  Time since last request: 0.496329 seconds.
  path: Assets/UI/Blink/Art/Icons/Classes
  artifactKey: Guid(5c0728d4dcd6e1b4aaee5d9aa79019cd) Importer(815301076,1909f56bfc062723c751e8b465ee728b)
Start importing Assets/UI/Blink/Art/Icons/Classes using Guid(5c0728d4dcd6e1b4aaee5d9aa79019cd) Importer(815301076,1909f56bfc062723c751e8b465ee728b)  -> (artifact id: '2ab6413364c8bac08d0701ce1279bad7') in 0.000437 seconds
Number of updated asset objects reloaded before import = 0
Number of asset objects unloaded after import = 0
========================================================================
Received Import Request.
  Time since last request: 0.934981 seconds.
  path: Assets/UI/Blink/Art/Icons/Classes/Assassin
  artifactKey: Guid(11817e6eb8d0a0b458ec7e6c33bfa819) Importer(815301076,1909f56bfc062723c751e8b465ee728b)
Start importing Assets/UI/Blink/Art/Icons/Classes/Assassin using Guid(11817e6eb8d0a0b458ec7e6c33bfa819) Importer(815301076,1909f56bfc062723c751e8b465ee728b)  -> (artifact id: '171765957abf14d294edff263f310ec2') in 0.000448 seconds
Number of updated asset objects reloaded before import = 0
Number of asset objects unloaded after import = 0
========================================================================
Received Import Request.
  Time since last request: 12.181246 seconds.
  path: Assets/EffectAssets/Matthew Guz/Spell Area of Effect FREE/Prefab/AoE Holy Sword.prefab
  artifactKey: Guid(471430dca40f907499aac08fe5b5bb09) Importer(815301076,1909f56bfc062723c751e8b465ee728b)
Start importing Assets/EffectAssets/Matthew Guz/Spell Area of Effect FREE/Prefab/AoE Holy Sword.prefab using Guid(471430dca40f907499aac08fe5b5bb09) Importer(815301076,1909f56bfc062723c751e8b465ee728b)  -> (artifact id: '63f84c62cdf630f29e155f2ea47992d4') in 0.123787 seconds
Number of updated asset objects reloaded before import = 0
Number of asset objects unloaded after import = 42
========================================================================
Received Import Request.
  Time since last request: 0.000019 seconds.
  path: Assets/EffectAssets/Matthew Guz/Spell Area of Effect FREE/Prefab/AoE Poison.prefab
  artifactKey: Guid(bd67489a2df67ba4ba4c3e7b9c4e0e8c) Importer(815301076,1909f56bfc062723c751e8b465ee728b)
Start importing Assets/EffectAssets/Matthew Guz/Spell Area of Effect FREE/Prefab/AoE Poison.prefab using Guid(bd67489a2df67ba4ba4c3e7b9c4e0e8c) Importer(815301076,1909f56bfc062723c751e8b465ee728b)  -> (artifact id: 'b496ecd3bf63a1f5a91857731cf66de2') in 0.030358 seconds
Number of updated asset objects reloaded before import = 0
Number of asset objects unloaded after import = 32
========================================================================
Received Import Request.
  Time since last request: 0.000017 seconds.
  path: Assets/EffectAssets/Matthew Guz/Spell Area of Effect FREE/Prefab/AoE Magic.prefab
  artifactKey: Guid(9029beab0dd9eb84aade1739487ed290) Importer(815301076,1909f56bfc062723c751e8b465ee728b)
Start importing Assets/EffectAssets/Matthew Guz/Spell Area of Effect FREE/Prefab/AoE Magic.prefab using Guid(9029beab0dd9eb84aade1739487ed290) Importer(815301076,1909f56bfc062723c751e8b465ee728b)  -> (artifact id: '4e82e8c8459393f15bc107772c374e74') in 0.033497 seconds
Number of updated asset objects reloaded before import = 0
Number of asset objects unloaded after import = 32
========================================================================
Received Import Request.
  Time since last request: 6.865594 seconds.
  path: Assets/EffectAssets/Matthew Guz/Spell Area of Effect FREE/Materials/AoE Poison/Base.mat
  artifactKey: Guid(e54694cc125463b4ea39d5246e0a38db) Importer(815301076,1909f56bfc062723c751e8b465ee728b)
Start importing Assets/EffectAssets/Matthew Guz/Spell Area of Effect FREE/Materials/AoE Poison/Base.mat using Guid(e54694cc125463b4ea39d5246e0a38db) Importer(815301076,1909f56bfc062723c751e8b465ee728b)  -> (artifact id: 'f299eab7a09424f84ade5280830bd0a6') in 0.036054 seconds
Number of updated asset objects reloaded before import = 0
Number of asset objects unloaded after import = 2
========================================================================
Received Import Request.
  Time since last request: 12.088358 seconds.
  path: Assets/EffectAssets/Matthew Guz/Spell Area of Effect FREE/Materials/AoE Magic/Base.mat
  artifactKey: Guid(9c2c995361d6e23489e4c1f17292c3b5) Importer(815301076,1909f56bfc062723c751e8b465ee728b)
Start importing Assets/EffectAssets/Matthew Guz/Spell Area of Effect FREE/Materials/AoE Magic/Base.mat using Guid(9c2c995361d6e23489e4c1f17292c3b5) Importer(815301076,1909f56bfc062723c751e8b465ee728b)  -> (artifact id: 'fb7136fa4c7e0333cb28d28fcce9daa6') in 0.023069 seconds
Number of updated asset objects reloaded before import = 0
Number of asset objects unloaded after import = 2
========================================================================
Received Import Request.
  Time since last request: 9.952103 seconds.
  path: Assets/EffectAssets/Matthew Guz/Spell Area of Effect FREE/Materials/AoE Ice Storm/Base.mat
  artifactKey: Guid(699c20b72c0551d45b96ef87fcb62b46) Importer(815301076,1909f56bfc062723c751e8b465ee728b)
Start importing Assets/EffectAssets/Matthew Guz/Spell Area of Effect FREE/Materials/AoE Ice Storm/Base.mat using Guid(699c20b72c0551d45b96ef87fcb62b46) Importer(815301076,1909f56bfc062723c751e8b465ee728b)  -> (artifact id: '6be9fdc79ab30c0401d033013f96924d') in 0.018008 seconds
Number of updated asset objects reloaded before import = 0
Number of asset objects unloaded after import = 2
========================================================================
Received Import Request.
  Time since last request: 0.737726 seconds.
  path: Assets/EffectAssets/Matthew Guz/Spell Area of Effect FREE/Materials/AoE Holy Sword/Base.mat
  artifactKey: Guid(141dd4e675655664db2d63adefcd15aa) Importer(815301076,1909f56bfc062723c751e8b465ee728b)
Start importing Assets/EffectAssets/Matthew Guz/Spell Area of Effect FREE/Materials/AoE Holy Sword/Base.mat using Guid(141dd4e675655664db2d63adefcd15aa) Importer(815301076,1909f56bfc062723c751e8b465ee728b)  -> (artifact id: '5bd665d1c0aca15c6a4091dc6116b0c7') in 0.018288 seconds
Number of updated asset objects reloaded before import = 0
Number of asset objects unloaded after import = 2
========================================================================
Received Import Request.
  Time since last request: 9.963498 seconds.
  path: Assets/EffectAssets/Matthew Guz/Spell Area of Effect FREE/Textures/2-Ank.png
  artifactKey: Guid(9690319231884db43959ee44e2773ebf) Importer(815301076,1909f56bfc062723c751e8b465ee728b)
Start importing Assets/EffectAssets/Matthew Guz/Spell Area of Effect FREE/Textures/2-Ank.png using Guid(9690319231884db43959ee44e2773ebf) Importer(815301076,1909f56bfc062723c751e8b465ee728b)  -> (artifact id: '915ae90011ec8b511fc5eec1698f02e6') in 0.030713 seconds
Number of updated asset objects reloaded before import = 0
Number of asset objects unloaded after import = 2
========================================================================
Received Import Request.
  Time since last request: 0.000018 seconds.
  path: Assets/EffectAssets/Matthew Guz/Spell Area of Effect FREE/Textures/2-Gradient2.png
  artifactKey: Guid(26f2784c1a8ea0346a069979f9652566) Importer(815301076,1909f56bfc062723c751e8b465ee728b)
Start importing Assets/EffectAssets/Matthew Guz/Spell Area of Effect FREE/Textures/2-Gradient2.png using Guid(26f2784c1a8ea0346a069979f9652566) Importer(815301076,1909f56bfc062723c751e8b465ee728b)  -> (artifact id: 'ab4dee093b4b66fb8821d3f72c99345d') in 0.018077 seconds
Number of updated asset objects reloaded before import = 0
Number of asset objects unloaded after import = 2
========================================================================
Received Import Request.
  Time since last request: 0.000024 seconds.
  path: Assets/EffectAssets/Matthew Guz/Spell Area of Effect FREE/Textures/2-Skull.png
  artifactKey: Guid(7e9b716197d8cfb479fb60124aeaa031) Importer(815301076,1909f56bfc062723c751e8b465ee728b)
Start importing Assets/EffectAssets/Matthew Guz/Spell Area of Effect FREE/Textures/2-Skull.png using Guid(7e9b716197d8cfb479fb60124aeaa031) Importer(815301076,1909f56bfc062723c751e8b465ee728b)  -> (artifact id: '9fef7a703012c99e7ad4231cefd30ec0') in 0.017593 seconds
Number of updated asset objects reloaded before import = 0
Number of asset objects unloaded after import = 2
========================================================================
Received Import Request.
  Time since last request: 0.000020 seconds.
  path: Assets/EffectAssets/Matthew Guz/Spell Area of Effect FREE/Textures/2-Skull (1).png
  artifactKey: Guid(2388147ac92ccdf4daf05618d51fc4b9) Importer(815301076,1909f56bfc062723c751e8b465ee728b)
Start importing Assets/EffectAssets/Matthew Guz/Spell Area of Effect FREE/Textures/2-Skull (1).png using Guid(2388147ac92ccdf4daf05618d51fc4b9) Importer(815301076,1909f56bfc062723c751e8b465ee728b)  -> (artifact id: '1f72d9eec3c82e86a3d131c37ad3671f') in 0.018807 seconds
Number of updated asset objects reloaded before import = 0
Number of asset objects unloaded after import = 2
========================================================================
Received Import Request.
  Time since last request: 0.000017 seconds.
  path: Assets/EffectAssets/Matthew Guz/Spell Area of Effect FREE/Textures/2-Trail_.tiff
  artifactKey: Guid(0421232079186fe429a20d3cacb1a12c) Importer(815301076,1909f56bfc062723c751e8b465ee728b)
Start importing Assets/EffectAssets/Matthew Guz/Spell Area of Effect FREE/Textures/2-Trail_.tiff using Guid(0421232079186fe429a20d3cacb1a12c) Importer(815301076,1909f56bfc062723c751e8b465ee728b)  -> (artifact id: '1cef7db1d83de72c46bcc9ba0f78c559') in 0.019585 seconds
Number of updated asset objects reloaded before import = 0
Number of asset objects unloaded after import = 2
========================================================================
Received Import Request.
  Time since last request: 0.000023 seconds.
  path: Assets/EffectAssets/Matthew Guz/Spell Area of Effect FREE/Textures/2-Magic 2.png
  artifactKey: Guid(020956a6e32322f448ed24656a100846) Importer(815301076,1909f56bfc062723c751e8b465ee728b)
Start importing Assets/EffectAssets/Matthew Guz/Spell Area of Effect FREE/Textures/2-Magic 2.png using Guid(020956a6e32322f448ed24656a100846) Importer(815301076,1909f56bfc062723c751e8b465ee728b)  -> (artifact id: 'e99c5d9d974330debd8590d9fbcec32a') in 0.020877 seconds
Number of updated asset objects reloaded before import = 0
Number of asset objects unloaded after import = 2
========================================================================
Received Import Request.
  Time since last request: 0.000018 seconds.
  path: Assets/EffectAssets/Matthew Guz/Spell Area of Effect FREE/Textures/2-Crit_.tiff
  artifactKey: Guid(b4a4ea0174b013b49a47e00384e39a11) Importer(815301076,1909f56bfc062723c751e8b465ee728b)
Start importing Assets/EffectAssets/Matthew Guz/Spell Area of Effect FREE/Textures/2-Crit_.tiff using Guid(b4a4ea0174b013b49a47e00384e39a11) Importer(815301076,1909f56bfc062723c751e8b465ee728b)  -> (artifact id: 'dd4519a215a1c1cc7dfbf1d66448edd5') in 0.015353 seconds
Number of updated asset objects reloaded before import = 0
Number of asset objects unloaded after import = 2
========================================================================
Received Import Request.
  Time since last request: 0.000019 seconds.
  path: Assets/EffectAssets/Matthew Guz/Spell Area of Effect FREE/Textures/2-Particle.tiff
  artifactKey: Guid(7576fa3260eec664c9197f0269ccd3e7) Importer(815301076,1909f56bfc062723c751e8b465ee728b)
Start importing Assets/EffectAssets/Matthew Guz/Spell Area of Effect FREE/Textures/2-Particle.tiff using Guid(7576fa3260eec664c9197f0269ccd3e7) Importer(815301076,1909f56bfc062723c751e8b465ee728b)  -> (artifact id: '19a0cc434f0db66bb9632c93941ab4cb') in 0.017262 seconds
Number of updated asset objects reloaded before import = 0
Number of asset objects unloaded after import = 2
========================================================================
Received Import Request.
  Time since last request: 0.000014 seconds.
  path: Assets/EffectAssets/Matthew Guz/Spell Area of Effect FREE/Textures/2-Impact.tiff
  artifactKey: Guid(969260d81704d2948825857f9ffa7297) Importer(815301076,1909f56bfc062723c751e8b465ee728b)
Start importing Assets/EffectAssets/Matthew Guz/Spell Area of Effect FREE/Textures/2-Impact.tiff using Guid(969260d81704d2948825857f9ffa7297) Importer(815301076,1909f56bfc062723c751e8b465ee728b)  -> (artifact id: '1fd53fd8c09b8d67d42365534a3122cc') in 0.016646 seconds
Number of updated asset objects reloaded before import = 0
Number of asset objects unloaded after import = 2
========================================================================
Received Import Request.
  Time since last request: 0.000019 seconds.
  path: Assets/EffectAssets/Matthew Guz/Spell Area of Effect FREE/Textures/2-Cra (1).png
  artifactKey: Guid(084d8a210181d764b8946a4f7e106feb) Importer(815301076,1909f56bfc062723c751e8b465ee728b)
Start importing Assets/EffectAssets/Matthew Guz/Spell Area of Effect FREE/Textures/2-Cra (1).png using Guid(084d8a210181d764b8946a4f7e106feb) Importer(815301076,1909f56bfc062723c751e8b465ee728b)  -> (artifact id: '4ffe869b247d0b702a26a23d5a4cbc91') in 0.016758 seconds
Number of updated asset objects reloaded before import = 0
Number of asset objects unloaded after import = 2
========================================================================
Received Import Request.
  Time since last request: 0.000013 seconds.
  path: Assets/EffectAssets/Matthew Guz/Spell Area of Effect FREE/Textures/2-Magic 4.png
  artifactKey: Guid(5542e6c4bfc140a42b9f2235df503c0a) Importer(815301076,1909f56bfc062723c751e8b465ee728b)
Start importing Assets/EffectAssets/Matthew Guz/Spell Area of Effect FREE/Textures/2-Magic 4.png using Guid(5542e6c4bfc140a42b9f2235df503c0a) Importer(815301076,1909f56bfc062723c751e8b465ee728b)  -> (artifact id: '47a47c0ff653d395bf7a7d6552ab316c') in 0.016335 seconds
Number of updated asset objects reloaded before import = 0
Number of asset objects unloaded after import = 2
========================================================================
Received Import Request.
  Time since last request: 0.000019 seconds.
  path: Assets/EffectAssets/Matthew Guz/Spell Area of Effect FREE/Textures/2-Snow_.png
  artifactKey: Guid(27123bd30045e9849967a3a10621e6da) Importer(815301076,1909f56bfc062723c751e8b465ee728b)
Start importing Assets/EffectAssets/Matthew Guz/Spell Area of Effect FREE/Textures/2-Snow_.png using Guid(27123bd30045e9849967a3a10621e6da) Importer(815301076,1909f56bfc062723c751e8b465ee728b)  -> (artifact id: '7ca7598819a5a587d01c4f564854bf8b') in 0.017296 seconds
Number of updated asset objects reloaded before import = 0
Number of asset objects unloaded after import = 2
========================================================================
Received Import Request.
  Time since last request: 0.000028 seconds.
  path: Assets/EffectAssets/Matthew Guz/Spell Area of Effect FREE/Textures/2-Crit_2.png
  artifactKey: Guid(0e888a693bc04d148a5313dca8b6d541) Importer(815301076,1909f56bfc062723c751e8b465ee728b)
Start importing Assets/EffectAssets/Matthew Guz/Spell Area of Effect FREE/Textures/2-Crit_2.png using Guid(0e888a693bc04d148a5313dca8b6d541) Importer(815301076,1909f56bfc062723c751e8b465ee728b)  -> (artifact id: '91afe6e0a505a28792dac392c0b39c23') in 0.014429 seconds
Number of updated asset objects reloaded before import = 0
Number of asset objects unloaded after import = 2
========================================================================
Received Import Request.
  Time since last request: 0.000019 seconds.
  path: Assets/EffectAssets/Matthew Guz/Spell Area of Effect FREE/Textures/2-Stone2.png
  artifactKey: Guid(0f41b9116d768ff4a8afbc2f93ee6b47) Importer(815301076,1909f56bfc062723c751e8b465ee728b)
Start importing Assets/EffectAssets/Matthew Guz/Spell Area of Effect FREE/Textures/2-Stone2.png using Guid(0f41b9116d768ff4a8afbc2f93ee6b47) Importer(815301076,1909f56bfc062723c751e8b465ee728b)  -> (artifact id: '87304b923e00f90f9ce4d3168d210e6e') in 0.016217 seconds
Number of updated asset objects reloaded before import = 0
Number of asset objects unloaded after import = 2
========================================================================
Received Import Request.
  Time since last request: 0.000013 seconds.
  path: Assets/EffectAssets/Matthew Guz/Spell Area of Effect FREE/Textures/2-Spark.png
  artifactKey: Guid(d772ec3b7d112054a874e33c910c46d8) Importer(815301076,1909f56bfc062723c751e8b465ee728b)
Start importing Assets/EffectAssets/Matthew Guz/Spell Area of Effect FREE/Textures/2-Spark.png using Guid(d772ec3b7d112054a874e33c910c46d8) Importer(815301076,1909f56bfc062723c751e8b465ee728b)  -> (artifact id: '0d068e21b8a2fefb3a803d57e36d5d1d') in 0.015324 seconds
Number of updated asset objects reloaded before import = 0
Number of asset objects unloaded after import = 2
========================================================================
Received Import Request.
  Time since last request: 0.000021 seconds.
  path: Assets/EffectAssets/Matthew Guz/Spell Area of Effect FREE/Textures/2-Gradient.png
  artifactKey: Guid(b0e9fc4e78820ad48af734ad5fe2ca7c) Importer(815301076,1909f56bfc062723c751e8b465ee728b)
Start importing Assets/EffectAssets/Matthew Guz/Spell Area of Effect FREE/Textures/2-Gradient.png using Guid(b0e9fc4e78820ad48af734ad5fe2ca7c) Importer(815301076,1909f56bfc062723c751e8b465ee728b)  -> (artifact id: '6f8cc763db9b55a1e8b937ecbed614fa') in 0.014189 seconds
Number of updated asset objects reloaded before import = 0
Number of asset objects unloaded after import = 2
========================================================================
Received Import Request.
  Time since last request: 4.744939 seconds.
  path: Assets/EffectAssets/Matthew Guz/Spell Area of Effect FREE/Materials
  artifactKey: Guid(56039099191e65646a0055b3bb43d04a) Importer(815301076,1909f56bfc062723c751e8b465ee728b)
Start importing Assets/EffectAssets/Matthew Guz/Spell Area of Effect FREE/Materials using Guid(56039099191e65646a0055b3bb43d04a) Importer(815301076,1909f56bfc062723c751e8b465ee728b)  -> (artifact id: 'cae71b3a6b9bc3f4cee94d14f62ff026') in 0.000552 seconds
Number of updated asset objects reloaded before import = 0
Number of asset objects unloaded after import = 0
========================================================================
Received Import Request.
  Time since last request: 2.829861 seconds.
  path: Assets/EffectAssets/Matthew Guz/Spell Area of Effect FREE/Materials/AoE Holy Sword
  artifactKey: Guid(c2aa1e0067bd10b49ab859e73bcae676) Importer(815301076,1909f56bfc062723c751e8b465ee728b)
Start importing Assets/EffectAssets/Matthew Guz/Spell Area of Effect FREE/Materials/AoE Holy Sword using Guid(c2aa1e0067bd10b49ab859e73bcae676) Importer(815301076,1909f56bfc062723c751e8b465ee728b)  -> (artifact id: 'f77f62bedd00705d77097cb2e76a4299') in 0.000493 seconds
Number of updated asset objects reloaded before import = 0
Number of asset objects unloaded after import = 0
========================================================================
Received Import Request.
  Time since last request: 0.108907 seconds.
  path: Assets/EffectAssets/Matthew Guz/Spell Area of Effect FREE/Materials/AoE Holy Sword/Crack.mat
  artifactKey: Guid(3cf7dc82fe8e25a4090f72cdda608aa3) Importer(815301076,1909f56bfc062723c751e8b465ee728b)
Start importing Assets/EffectAssets/Matthew Guz/Spell Area of Effect FREE/Materials/AoE Holy Sword/Crack.mat using Guid(3cf7dc82fe8e25a4090f72cdda608aa3) Importer(815301076,1909f56bfc062723c751e8b465ee728b)  -> (artifact id: '3414999d6151fc9b8e64c1200ab643bd') in 0.020574 seconds
Number of updated asset objects reloaded before import = 0
Number of asset objects unloaded after import = 2
========================================================================
Received Import Request.
  Time since last request: 0.000015 seconds.
  path: Assets/EffectAssets/Matthew Guz/Spell Area of Effect FREE/Materials/AoE Holy Sword/Particle.mat
  artifactKey: Guid(628f06fe2031b9644810307c5754973c) Importer(815301076,1909f56bfc062723c751e8b465ee728b)
Start importing Assets/EffectAssets/Matthew Guz/Spell Area of Effect FREE/Materials/AoE Holy Sword/Particle.mat using Guid(628f06fe2031b9644810307c5754973c) Importer(815301076,1909f56bfc062723c751e8b465ee728b)  -> (artifact id: '6ece68963d54092bf4ccdedf161ce27d') in 0.023571 seconds
Number of updated asset objects reloaded before import = 0
Number of asset objects unloaded after import = 2
========================================================================
Received Import Request.
  Time since last request: 0.000013 seconds.
  path: Assets/EffectAssets/Matthew Guz/Spell Area of Effect FREE/Materials/AoE Holy Sword/Particle 2.mat
  artifactKey: Guid(6daca2a0cc8bf214a9a95f088ea96a19) Importer(815301076,1909f56bfc062723c751e8b465ee728b)
Start importing Assets/EffectAssets/Matthew Guz/Spell Area of Effect FREE/Materials/AoE Holy Sword/Particle 2.mat using Guid(6daca2a0cc8bf214a9a95f088ea96a19) Importer(815301076,1909f56bfc062723c751e8b465ee728b)  -> (artifact id: 'eb0a634e50b4026f159dc3a2fc569bb7') in 0.028917 seconds
Number of updated asset objects reloaded before import = 0
Number of asset objects unloaded after import = 2
========================================================================
Received Import Request.
  Time since last request: 21.160606 seconds.
  path: Assets/EffectAssets/Matthew Guz/Spell Area of Effect FREE/Materials/AoE Stars/Base.mat
  artifactKey: Guid(475dc5ef1982bc446aaaf55f84adccf5) Importer(815301076,1909f56bfc062723c751e8b465ee728b)
Start importing Assets/EffectAssets/Matthew Guz/Spell Area of Effect FREE/Materials/AoE Stars/Base.mat using Guid(475dc5ef1982bc446aaaf55f84adccf5) Importer(815301076,1909f56bfc062723c751e8b465ee728b)  -> (artifact id: 'a4974da6fc1d77d0bfcea994bfe3034b') in 0.008970 seconds
Number of updated asset objects reloaded before import = 0
Number of asset objects unloaded after import = 2
========================================================================
Received Prepare
Begin MonoManager ReloadAssembly
- Loaded All Assemblies, in  0.699 seconds
Refreshing native plugins compatible for Editor in 4.67 ms, found 3 plugins.
Native extension for WindowsStandalone target not found
Native extension for Android target not found
Mono: successfully reloaded assembly
- Finished resetting the current domain, in  1.139 seconds
Domain Reload Profiling: 1838ms
	BeginReloadAssembly (226ms)
		ExecutionOrderSort (0ms)
		DisableScriptedObjects (5ms)
		BackupInstance (0ms)
		ReleaseScriptingObjects (0ms)
		CreateAndSetChildDomain (47ms)
	RebuildCommonClasses (49ms)
	RebuildNativeTypeToScriptingClass (12ms)
	initialDomainReloadingComplete (44ms)
	LoadAllAssembliesAndSetupDomain (367ms)
		LoadAssemblies (481ms)
		RebuildTransferFunctionScriptingTraits (0ms)
		AnalyzeDomain (27ms)
			TypeCache.Refresh (9ms)
				TypeCache.ScanAssembly (1ms)
			ScanForSourceGeneratedMonoScriptInfo (9ms)
			ResolveRequiredComponents (7ms)
	FinalizeReload (1140ms)
		ReleaseScriptCaches (0ms)
		RebuildScriptCaches (0ms)
		SetupLoadedEditorAssemblies (423ms)
			LogAssemblyErrors (0ms)
			InitializePlatformSupportModulesInManaged (31ms)
			SetLoadedEditorAssemblies (3ms)
			RefreshPlugins (0ms)
			BeforeProcessingInitializeOnLoad (57ms)
			ProcessInitializeOnLoadAttributes (306ms)
			ProcessInitializeOnLoadMethodAttributes (22ms)
			AfterProcessingInitializeOnLoad (4ms)
			EditorAssembliesLoaded (0ms)
		ExecutionOrderSort2 (0ms)
		AwakeInstancesAfterBackupRestoration (17ms)
Refreshing native plugins compatible for Editor in 3.74 ms, found 3 plugins.
Preloading 0 native plugins for Editor in 0.00 ms.
Unloading 3345 Unused Serialized files (Serialized files now loaded: 0)
Unloading 62 unused Assets / (3.9 MB). Loaded Objects now: 3860.
Memory consumption went from 153.1 MB to 149.1 MB.
Total: 3.544900 ms (FindLiveObjects: 0.277500 ms CreateObjectMapping: 0.241000 ms MarkObjects: 2.037200 ms  DeleteObjects: 0.988400 ms)

Prepare: number of updated asset objects reloaded= 0
AssetImportParameters requested are different than current active one (requested -> active):
  custom:container-demuxer-ogg: 62fdf1f143b41e24485cea50d1cbac27 -> 
  custom:video-decoder-ogg-theora: a1e56fd34408186e4bbccfd4996cb3dc -> 
  custom:framework-win-MediaFoundation: 216162199b28c13a410421893ffa2e32 -> 
  custom:CustomObjectIndexerAttribute: 9a22284fe3817be447336de3de66b15e -> 
  custom:container-demuxer-webm: 4f35f7cbe854078d1ac9338744f61a02 -> 
  custom:container-muxer-webm: aa71ff27fc2769a1b78a27578f13a17b -> 
  custom:video-decoder-webm-vp8: 9c59270c3fd7afecdb556c50c9e8de78 -> 
  custom:SearchIndexIgnoredProperties: e643bd26f0fe6173181afceb89e7c659 -> 
  custom:AudioImporter_EditorPlatform: d09bf68614088b80899f8185d706f6e7 -> 
  custom:video-encoder-webm-vp8: eb34c28f22e8b96e1ab97ce403110664 -> 
  custom:audio-decoder-ogg-vorbis: bf7c407c2cedff20999df2af8eb42d56 -> 
  custom:audio-encoder-webm-vorbis: bf7c407c2cedff20999df2af8eb42d56 -> 
========================================================================
Received Prepare
Begin MonoManager ReloadAssembly
- Loaded All Assemblies, in  0.559 seconds
Refreshing native plugins compatible for Editor in 3.96 ms, found 3 plugins.
Native extension for WindowsStandalone target not found
Native extension for Android target not found
Mono: successfully reloaded assembly
- Finished resetting the current domain, in  1.311 seconds
Domain Reload Profiling: 1869ms
	BeginReloadAssembly (204ms)
		ExecutionOrderSort (0ms)
		DisableScriptedObjects (7ms)
		BackupInstance (0ms)
		ReleaseScriptingObjects (0ms)
		CreateAndSetChildDomain (38ms)
	RebuildCommonClasses (52ms)
	RebuildNativeTypeToScriptingClass (14ms)
	initialDomainReloadingComplete (33ms)
	LoadAllAssembliesAndSetupDomain (254ms)
		LoadAssemblies (366ms)
		RebuildTransferFunctionScriptingTraits (0ms)
		AnalyzeDomain (28ms)
			TypeCache.Refresh (10ms)
				TypeCache.ScanAssembly (1ms)
			ScanForSourceGeneratedMonoScriptInfo (8ms)
			ResolveRequiredComponents (8ms)
	FinalizeReload (1311ms)
		ReleaseScriptCaches (0ms)
		RebuildScriptCaches (0ms)
		SetupLoadedEditorAssemblies (625ms)
			LogAssemblyErrors (0ms)
			InitializePlatformSupportModulesInManaged (28ms)
			SetLoadedEditorAssemblies (5ms)
			RefreshPlugins (0ms)
			BeforeProcessingInitializeOnLoad (90ms)
			ProcessInitializeOnLoadAttributes (452ms)
			ProcessInitializeOnLoadMethodAttributes (40ms)
			AfterProcessingInitializeOnLoad (9ms)
			EditorAssembliesLoaded (0ms)
		ExecutionOrderSort2 (0ms)
		AwakeInstancesAfterBackupRestoration (22ms)
Script is not up to date after domain reload: guid(e189156d07f857145ba9a5a68e1f5259) path("Assets/Script/Player/Player.cs") state(2)
Refreshing native plugins compatible for Editor in 7.11 ms, found 3 plugins.
Preloading 0 native plugins for Editor in 0.00 ms.
Unloading 3344 Unused Serialized files (Serialized files now loaded: 0)
Unloading 62 unused Assets / (3.9 MB). Loaded Objects now: 3862.
Memory consumption went from 155.0 MB to 151.0 MB.
Total: 3.779100 ms (FindLiveObjects: 0.287400 ms CreateObjectMapping: 0.245700 ms MarkObjects: 2.171600 ms  DeleteObjects: 1.073200 ms)

Prepare: number of updated asset objects reloaded= 0
AssetImportParameters requested are different than current active one (requested -> active):
  custom:container-demuxer-ogg: 62fdf1f143b41e24485cea50d1cbac27 -> 
  custom:video-decoder-ogg-theora: a1e56fd34408186e4bbccfd4996cb3dc -> 
  custom:framework-win-MediaFoundation: 216162199b28c13a410421893ffa2e32 -> 
  custom:CustomObjectIndexerAttribute: 9a22284fe3817be447336de3de66b15e -> 
  custom:container-demuxer-webm: 4f35f7cbe854078d1ac9338744f61a02 -> 
  custom:container-muxer-webm: aa71ff27fc2769a1b78a27578f13a17b -> 
  custom:video-decoder-webm-vp8: 9c59270c3fd7afecdb556c50c9e8de78 -> 
  custom:SearchIndexIgnoredProperties: e643bd26f0fe6173181afceb89e7c659 -> 
  custom:AudioImporter_EditorPlatform: d09bf68614088b80899f8185d706f6e7 -> 
  custom:video-encoder-webm-vp8: eb34c28f22e8b96e1ab97ce403110664 -> 
  custom:audio-decoder-ogg-vorbis: bf7c407c2cedff20999df2af8eb42d56 -> 
  custom:audio-encoder-webm-vorbis: bf7c407c2cedff20999df2af8eb42d56 -> 
========================================================================
Received Prepare
Begin MonoManager ReloadAssembly
- Loaded All Assemblies, in  0.544 seconds
Refreshing native plugins compatible for Editor in 3.88 ms, found 3 plugins.
Native extension for WindowsStandalone target not found
Native extension for Android target not found
Mono: successfully reloaded assembly
- Finished resetting the current domain, in  1.131 seconds
Domain Reload Profiling: 1674ms
	BeginReloadAssembly (202ms)
		ExecutionOrderSort (0ms)
		DisableScriptedObjects (5ms)
		BackupInstance (0ms)
		ReleaseScriptingObjects (0ms)
		CreateAndSetChildDomain (38ms)
	RebuildCommonClasses (41ms)
	RebuildNativeTypeToScriptingClass (12ms)
	initialDomainReloadingComplete (31ms)
	LoadAllAssembliesAndSetupDomain (256ms)
		LoadAssemblies (356ms)
		RebuildTransferFunctionScriptingTraits (0ms)
		AnalyzeDomain (28ms)
			TypeCache.Refresh (13ms)
				TypeCache.ScanAssembly (2ms)
			ScanForSourceGeneratedMonoScriptInfo (7ms)
			ResolveRequiredComponents (7ms)
	FinalizeReload (1132ms)
		ReleaseScriptCaches (0ms)
		RebuildScriptCaches (0ms)
		SetupLoadedEditorAssemblies (415ms)
			LogAssemblyErrors (0ms)
			InitializePlatformSupportModulesInManaged (26ms)
			SetLoadedEditorAssemblies (3ms)
			RefreshPlugins (0ms)
			BeforeProcessingInitializeOnLoad (67ms)
			ProcessInitializeOnLoadAttributes (292ms)
			ProcessInitializeOnLoadMethodAttributes (23ms)
			AfterProcessingInitializeOnLoad (4ms)
			EditorAssembliesLoaded (0ms)
		ExecutionOrderSort2 (0ms)
		AwakeInstancesAfterBackupRestoration (17ms)
Refreshing native plugins compatible for Editor in 4.27 ms, found 3 plugins.
Preloading 0 native plugins for Editor in 0.00 ms.
Unloading 3345 Unused Serialized files (Serialized files now loaded: 0)
Unloading 62 unused Assets / (3.9 MB). Loaded Objects now: 3866.
Memory consumption went from 156.9 MB to 153.0 MB.
Total: 4.158800 ms (FindLiveObjects: 0.271200 ms CreateObjectMapping: 0.234300 ms MarkObjects: 2.333000 ms  DeleteObjects: 1.319400 ms)

Prepare: number of updated asset objects reloaded= 0
AssetImportParameters requested are different than current active one (requested -> active):
  custom:container-demuxer-ogg: 62fdf1f143b41e24485cea50d1cbac27 -> 
  custom:video-decoder-ogg-theora: a1e56fd34408186e4bbccfd4996cb3dc -> 
  custom:framework-win-MediaFoundation: 216162199b28c13a410421893ffa2e32 -> 
  custom:CustomObjectIndexerAttribute: 9a22284fe3817be447336de3de66b15e -> 
  custom:container-demuxer-webm: 4f35f7cbe854078d1ac9338744f61a02 -> 
  custom:container-muxer-webm: aa71ff27fc2769a1b78a27578f13a17b -> 
  custom:video-decoder-webm-vp8: 9c59270c3fd7afecdb556c50c9e8de78 -> 
  custom:SearchIndexIgnoredProperties: e643bd26f0fe6173181afceb89e7c659 -> 
  custom:AudioImporter_EditorPlatform: d09bf68614088b80899f8185d706f6e7 -> 
  custom:video-encoder-webm-vp8: eb34c28f22e8b96e1ab97ce403110664 -> 
  custom:audio-decoder-ogg-vorbis: bf7c407c2cedff20999df2af8eb42d56 -> 
  custom:audio-encoder-webm-vorbis: bf7c407c2cedff20999df2af8eb42d56 -> 
========================================================================
Received Import Request.
  Time since last request: 2957.750383 seconds.
  path: Assets/PlayerAssets/Frank_Mage/Assets/Animations/FBX Animation/UsingAnim/Attack5.FBX
  artifactKey: Guid(77e9466e2b16b094799f4fb6ee62da56) Importer(815301076,1909f56bfc062723c751e8b465ee728b)
Start importing Assets/PlayerAssets/Frank_Mage/Assets/Animations/FBX Animation/UsingAnim/Attack5.FBX using Guid(77e9466e2b16b094799f4fb6ee62da56) Importer(815301076,1909f56bfc062723c751e8b465ee728b)  -> (artifact id: '8e5fe90b6998c51794c027322f59b3c5') in 0.152927 seconds
Number of updated asset objects reloaded before import = 0
Number of asset objects unloaded after import = 247
========================================================================
Received Prepare
Begin MonoManager ReloadAssembly
- Loaded All Assemblies, in  0.636 seconds
Refreshing native plugins compatible for Editor in 7.05 ms, found 3 plugins.
Native extension for WindowsStandalone target not found
Native extension for Android target not found
Mono: successfully reloaded assembly
- Finished resetting the current domain, in  1.167 seconds
Domain Reload Profiling: 1802ms
	BeginReloadAssembly (280ms)
		ExecutionOrderSort (0ms)
		DisableScriptedObjects (4ms)
		BackupInstance (0ms)
		ReleaseScriptingObjects (0ms)
		CreateAndSetChildDomain (42ms)
	RebuildCommonClasses (46ms)
	RebuildNativeTypeToScriptingClass (15ms)
	initialDomainReloadingComplete (34ms)
	LoadAllAssembliesAndSetupDomain (260ms)
		LoadAssemblies (370ms)
		RebuildTransferFunctionScriptingTraits (0ms)
		AnalyzeDomain (33ms)
			TypeCache.Refresh (13ms)
				TypeCache.ScanAssembly (2ms)
			ScanForSourceGeneratedMonoScriptInfo (11ms)
			ResolveRequiredComponents (7ms)
	FinalizeReload (1168ms)
		ReleaseScriptCaches (0ms)
		RebuildScriptCaches (0ms)
		SetupLoadedEditorAssemblies (448ms)
			LogAssemblyErrors (0ms)
			InitializePlatformSupportModulesInManaged (23ms)
			SetLoadedEditorAssemblies (3ms)
			RefreshPlugins (0ms)
			BeforeProcessingInitializeOnLoad (63ms)
			ProcessInitializeOnLoadAttributes (321ms)
			ProcessInitializeOnLoadMethodAttributes (32ms)
			AfterProcessingInitializeOnLoad (5ms)
			EditorAssembliesLoaded (0ms)
		ExecutionOrderSort2 (0ms)
		AwakeInstancesAfterBackupRestoration (20ms)
Refreshing native plugins compatible for Editor in 5.08 ms, found 3 plugins.
Preloading 0 native plugins for Editor in 0.00 ms.
Unloading 3345 Unused Serialized files (Serialized files now loaded: 0)
Unloading 62 unused Assets / (3.9 MB). Loaded Objects now: 3869.
Memory consumption went from 158.9 MB to 154.9 MB.
Total: 4.956300 ms (FindLiveObjects: 0.337900 ms CreateObjectMapping: 0.278200 ms MarkObjects: 2.916900 ms  DeleteObjects: 1.422000 ms)

Prepare: number of updated asset objects reloaded= 0
AssetImportParameters requested are different than current active one (requested -> active):
  custom:container-demuxer-ogg: 62fdf1f143b41e24485cea50d1cbac27 -> 
  custom:video-decoder-ogg-theora: a1e56fd34408186e4bbccfd4996cb3dc -> 
  custom:framework-win-MediaFoundation: 216162199b28c13a410421893ffa2e32 -> 
  custom:CustomObjectIndexerAttribute: 9a22284fe3817be447336de3de66b15e -> 
  custom:container-demuxer-webm: 4f35f7cbe854078d1ac9338744f61a02 -> 
  custom:container-muxer-webm: aa71ff27fc2769a1b78a27578f13a17b -> 
  custom:video-decoder-webm-vp8: 9c59270c3fd7afecdb556c50c9e8de78 -> 
  custom:SearchIndexIgnoredProperties: e643bd26f0fe6173181afceb89e7c659 -> 
  custom:AudioImporter_EditorPlatform: d09bf68614088b80899f8185d706f6e7 -> 
  custom:video-encoder-webm-vp8: eb34c28f22e8b96e1ab97ce403110664 -> 
  custom:audio-decoder-ogg-vorbis: bf7c407c2cedff20999df2af8eb42d56 -> 
  custom:audio-encoder-webm-vorbis: bf7c407c2cedff20999df2af8eb42d56 -> 
========================================================================
Received Prepare
Begin MonoManager ReloadAssembly
- Loaded All Assemblies, in  0.545 seconds
Refreshing native plugins compatible for Editor in 5.08 ms, found 3 plugins.
Native extension for WindowsStandalone target not found
Native extension for Android target not found
Mono: successfully reloaded assembly
- Finished resetting the current domain, in  1.139 seconds
Domain Reload Profiling: 1683ms
	BeginReloadAssembly (200ms)
		ExecutionOrderSort (0ms)
		DisableScriptedObjects (8ms)
		BackupInstance (0ms)
		ReleaseScriptingObjects (0ms)
		CreateAndSetChildDomain (35ms)
	RebuildCommonClasses (44ms)
	RebuildNativeTypeToScriptingClass (16ms)
	initialDomainReloadingComplete (27ms)
	LoadAllAssembliesAndSetupDomain (256ms)
		LoadAssemblies (356ms)
		RebuildTransferFunctionScriptingTraits (0ms)
		AnalyzeDomain (28ms)
			TypeCache.Refresh (11ms)
				TypeCache.ScanAssembly (1ms)
			ScanForSourceGeneratedMonoScriptInfo (7ms)
			ResolveRequiredComponents (9ms)
	FinalizeReload (1139ms)
		ReleaseScriptCaches (0ms)
		RebuildScriptCaches (0ms)
		SetupLoadedEditorAssemblies (430ms)
			LogAssemblyErrors (0ms)
			InitializePlatformSupportModulesInManaged (23ms)
			SetLoadedEditorAssemblies (3ms)
			RefreshPlugins (0ms)
			BeforeProcessingInitializeOnLoad (55ms)
			ProcessInitializeOnLoadAttributes (317ms)
			ProcessInitializeOnLoadMethodAttributes (28ms)
			AfterProcessingInitializeOnLoad (4ms)
			EditorAssembliesLoaded (0ms)
		ExecutionOrderSort2 (0ms)
		AwakeInstancesAfterBackupRestoration (21ms)
Script is not up to date after domain reload: guid(e189156d07f857145ba9a5a68e1f5259) path("Assets/Script/Player/Player.cs") state(2)
Refreshing native plugins compatible for Editor in 5.23 ms, found 3 plugins.
Preloading 0 native plugins for Editor in 0.00 ms.
Unloading 3344 Unused Serialized files (Serialized files now loaded: 0)
Unloading 62 unused Assets / (3.9 MB). Loaded Objects now: 3871.
Memory consumption went from 160.8 MB to 156.8 MB.
Total: 6.896300 ms (FindLiveObjects: 0.387200 ms CreateObjectMapping: 0.296800 ms MarkObjects: 3.606300 ms  DeleteObjects: 2.604100 ms)

Prepare: number of updated asset objects reloaded= 0
AssetImportParameters requested are different than current active one (requested -> active):
  custom:container-demuxer-ogg: 62fdf1f143b41e24485cea50d1cbac27 -> 
  custom:video-decoder-ogg-theora: a1e56fd34408186e4bbccfd4996cb3dc -> 
  custom:framework-win-MediaFoundation: 216162199b28c13a410421893ffa2e32 -> 
  custom:CustomObjectIndexerAttribute: 9a22284fe3817be447336de3de66b15e -> 
  custom:container-demuxer-webm: 4f35f7cbe854078d1ac9338744f61a02 -> 
  custom:container-muxer-webm: aa71ff27fc2769a1b78a27578f13a17b -> 
  custom:video-decoder-webm-vp8: 9c59270c3fd7afecdb556c50c9e8de78 -> 
  custom:SearchIndexIgnoredProperties: e643bd26f0fe6173181afceb89e7c659 -> 
  custom:AudioImporter_EditorPlatform: d09bf68614088b80899f8185d706f6e7 -> 
  custom:video-encoder-webm-vp8: eb34c28f22e8b96e1ab97ce403110664 -> 
  custom:audio-decoder-ogg-vorbis: bf7c407c2cedff20999df2af8eb42d56 -> 
  custom:audio-encoder-webm-vorbis: bf7c407c2cedff20999df2af8eb42d56 -> 
========================================================================
Received Prepare
Begin MonoManager ReloadAssembly
- Loaded All Assemblies, in  0.536 seconds
Refreshing native plugins compatible for Editor in 5.28 ms, found 3 plugins.
Native extension for WindowsStandalone target not found
Native extension for Android target not found
Mono: successfully reloaded assembly
- Finished resetting the current domain, in  1.093 seconds
Domain Reload Profiling: 1629ms
	BeginReloadAssembly (204ms)
		ExecutionOrderSort (0ms)
		DisableScriptedObjects (5ms)
		BackupInstance (0ms)
		ReleaseScriptingObjects (0ms)
		CreateAndSetChildDomain (38ms)
	RebuildCommonClasses (35ms)
	RebuildNativeTypeToScriptingClass (11ms)
	initialDomainReloadingComplete (27ms)
	LoadAllAssembliesAndSetupDomain (257ms)
		LoadAssemblies (360ms)
		RebuildTransferFunctionScriptingTraits (0ms)
		AnalyzeDomain (29ms)
			TypeCache.Refresh (13ms)
				TypeCache.ScanAssembly (1ms)
			ScanForSourceGeneratedMonoScriptInfo (7ms)
			ResolveRequiredComponents (7ms)
	FinalizeReload (1094ms)
		ReleaseScriptCaches (0ms)
		RebuildScriptCaches (0ms)
		SetupLoadedEditorAssemblies (421ms)
			LogAssemblyErrors (0ms)
			InitializePlatformSupportModulesInManaged (25ms)
			SetLoadedEditorAssemblies (3ms)
			RefreshPlugins (0ms)
			BeforeProcessingInitializeOnLoad (69ms)
			ProcessInitializeOnLoadAttributes (293ms)
			ProcessInitializeOnLoadMethodAttributes (26ms)
			AfterProcessingInitializeOnLoad (3ms)
			EditorAssembliesLoaded (0ms)
		ExecutionOrderSort2 (0ms)
		AwakeInstancesAfterBackupRestoration (21ms)
Refreshing native plugins compatible for Editor in 3.68 ms, found 3 plugins.
Preloading 0 native plugins for Editor in 0.00 ms.
Unloading 3345 Unused Serialized files (Serialized files now loaded: 0)
Unloading 62 unused Assets / (3.9 MB). Loaded Objects now: 3875.
Memory consumption went from 162.7 MB to 158.8 MB.
Total: 4.149600 ms (FindLiveObjects: 0.272300 ms CreateObjectMapping: 0.233500 ms MarkObjects: 2.587100 ms  DeleteObjects: 1.055800 ms)

Prepare: number of updated asset objects reloaded= 0
AssetImportParameters requested are different than current active one (requested -> active):
  custom:container-demuxer-ogg: 62fdf1f143b41e24485cea50d1cbac27 -> 
  custom:video-decoder-ogg-theora: a1e56fd34408186e4bbccfd4996cb3dc -> 
  custom:framework-win-MediaFoundation: 216162199b28c13a410421893ffa2e32 -> 
  custom:CustomObjectIndexerAttribute: 9a22284fe3817be447336de3de66b15e -> 
  custom:container-demuxer-webm: 4f35f7cbe854078d1ac9338744f61a02 -> 
  custom:container-muxer-webm: aa71ff27fc2769a1b78a27578f13a17b -> 
  custom:video-decoder-webm-vp8: 9c59270c3fd7afecdb556c50c9e8de78 -> 
  custom:SearchIndexIgnoredProperties: e643bd26f0fe6173181afceb89e7c659 -> 
  custom:AudioImporter_EditorPlatform: d09bf68614088b80899f8185d706f6e7 -> 
  custom:video-encoder-webm-vp8: eb34c28f22e8b96e1ab97ce403110664 -> 
  custom:audio-decoder-ogg-vorbis: bf7c407c2cedff20999df2af8eb42d56 -> 
  custom:audio-encoder-webm-vorbis: bf7c407c2cedff20999df2af8eb42d56 -> 
========================================================================
Received Prepare
Begin MonoManager ReloadAssembly
- Loaded All Assemblies, in  0.515 seconds
Refreshing native plugins compatible for Editor in 4.27 ms, found 3 plugins.
Native extension for WindowsStandalone target not found
Native extension for Android target not found
Mono: successfully reloaded assembly
- Finished resetting the current domain, in  1.115 seconds
Domain Reload Profiling: 1628ms
	BeginReloadAssembly (195ms)
		ExecutionOrderSort (0ms)
		DisableScriptedObjects (5ms)
		BackupInstance (0ms)
		ReleaseScriptingObjects (0ms)
		CreateAndSetChildDomain (34ms)
	RebuildCommonClasses (38ms)
	RebuildNativeTypeToScriptingClass (17ms)
	initialDomainReloadingComplete (29ms)
	LoadAllAssembliesAndSetupDomain (234ms)
		LoadAssemblies (346ms)
		RebuildTransferFunctionScriptingTraits (0ms)
		AnalyzeDomain (15ms)
			TypeCache.Refresh (7ms)
				TypeCache.ScanAssembly (0ms)
			ScanForSourceGeneratedMonoScriptInfo (0ms)
			ResolveRequiredComponents (6ms)
	FinalizeReload (1116ms)
		ReleaseScriptCaches (0ms)
		RebuildScriptCaches (0ms)
		SetupLoadedEditorAssemblies (438ms)
			LogAssemblyErrors (0ms)
			InitializePlatformSupportModulesInManaged (26ms)
			SetLoadedEditorAssemblies (5ms)
			RefreshPlugins (0ms)
			BeforeProcessingInitializeOnLoad (67ms)
			ProcessInitializeOnLoadAttributes (311ms)
			ProcessInitializeOnLoadMethodAttributes (24ms)
			AfterProcessingInitializeOnLoad (4ms)
			EditorAssembliesLoaded (0ms)
		ExecutionOrderSort2 (0ms)
		AwakeInstancesAfterBackupRestoration (20ms)
Refreshing native plugins compatible for Editor in 4.86 ms, found 3 plugins.
Preloading 0 native plugins for Editor in 0.00 ms.
Unloading 3345 Unused Serialized files (Serialized files now loaded: 0)
Unloading 62 unused Assets / (3.9 MB). Loaded Objects now: 3878.
Memory consumption went from 164.6 MB to 160.7 MB.
Total: 3.947100 ms (FindLiveObjects: 0.316900 ms CreateObjectMapping: 0.338000 ms MarkObjects: 2.237200 ms  DeleteObjects: 1.053600 ms)

Prepare: number of updated asset objects reloaded= 0
AssetImportParameters requested are different than current active one (requested -> active):
  custom:container-demuxer-ogg: 62fdf1f143b41e24485cea50d1cbac27 -> 
  custom:video-decoder-ogg-theora: a1e56fd34408186e4bbccfd4996cb3dc -> 
  custom:framework-win-MediaFoundation: 216162199b28c13a410421893ffa2e32 -> 
  custom:CustomObjectIndexerAttribute: 9a22284fe3817be447336de3de66b15e -> 
  custom:container-demuxer-webm: 4f35f7cbe854078d1ac9338744f61a02 -> 
  custom:container-muxer-webm: aa71ff27fc2769a1b78a27578f13a17b -> 
  custom:video-decoder-webm-vp8: 9c59270c3fd7afecdb556c50c9e8de78 -> 
  custom:SearchIndexIgnoredProperties: e643bd26f0fe6173181afceb89e7c659 -> 
  custom:AudioImporter_EditorPlatform: d09bf68614088b80899f8185d706f6e7 -> 
  custom:video-encoder-webm-vp8: eb34c28f22e8b96e1ab97ce403110664 -> 
  custom:audio-decoder-ogg-vorbis: bf7c407c2cedff20999df2af8eb42d56 -> 
  custom:audio-encoder-webm-vorbis: bf7c407c2cedff20999df2af8eb42d56 -> 
========================================================================
Received Import Request.
  Time since last request: 167.462868 seconds.
  path: Assets/PlayerAssets/Frank_Mage/Assets/Animations/FBX Animation/UsingAnim/Attack5.FBX
  artifactKey: Guid(77e9466e2b16b094799f4fb6ee62da56) Importer(815301076,1909f56bfc062723c751e8b465ee728b)
Start importing Assets/PlayerAssets/Frank_Mage/Assets/Animations/FBX Animation/UsingAnim/Attack5.FBX using Guid(77e9466e2b16b094799f4fb6ee62da56) Importer(815301076,1909f56bfc062723c751e8b465ee728b)  -> (artifact id: 'e1869d828a7c65c60239590745ab0264') in 0.157685 seconds
Number of updated asset objects reloaded before import = 0
Number of asset objects unloaded after import = 247
========================================================================
Received Prepare
Begin MonoManager ReloadAssembly
- Loaded All Assemblies, in  0.524 seconds
Refreshing native plugins compatible for Editor in 4.88 ms, found 3 plugins.
Native extension for WindowsStandalone target not found
Native extension for Android target not found
Mono: successfully reloaded assembly
- Finished resetting the current domain, in  1.173 seconds
Domain Reload Profiling: 1696ms
	BeginReloadAssembly (206ms)
		ExecutionOrderSort (0ms)
		DisableScriptedObjects (6ms)
		BackupInstance (0ms)
		ReleaseScriptingObjects (0ms)
		CreateAndSetChildDomain (39ms)
	RebuildCommonClasses (39ms)
	RebuildNativeTypeToScriptingClass (11ms)
	initialDomainReloadingComplete (27ms)
	LoadAllAssembliesAndSetupDomain (239ms)
		LoadAssemblies (355ms)
		RebuildTransferFunctionScriptingTraits (0ms)
		AnalyzeDomain (15ms)
			TypeCache.Refresh (7ms)
				TypeCache.ScanAssembly (0ms)
			ScanForSourceGeneratedMonoScriptInfo (0ms)
			ResolveRequiredComponents (7ms)
	FinalizeReload (1174ms)
		ReleaseScriptCaches (0ms)
		RebuildScriptCaches (0ms)
		SetupLoadedEditorAssemblies (453ms)
			LogAssemblyErrors (0ms)
			InitializePlatformSupportModulesInManaged (27ms)
			SetLoadedEditorAssemblies (3ms)
			RefreshPlugins (0ms)
			BeforeProcessingInitializeOnLoad (68ms)
			ProcessInitializeOnLoadAttributes (323ms)
			ProcessInitializeOnLoadMethodAttributes (27ms)
			AfterProcessingInitializeOnLoad (5ms)
			EditorAssembliesLoaded (0ms)
		ExecutionOrderSort2 (0ms)
		AwakeInstancesAfterBackupRestoration (20ms)
Refreshing native plugins compatible for Editor in 5.53 ms, found 3 plugins.
Preloading 0 native plugins for Editor in 0.00 ms.
Unloading 3345 Unused Serialized files (Serialized files now loaded: 0)
Unloading 62 unused Assets / (3.9 MB). Loaded Objects now: 3881.
Memory consumption went from 166.5 MB to 162.6 MB.
Total: 4.362400 ms (FindLiveObjects: 0.281400 ms CreateObjectMapping: 0.282900 ms MarkObjects: 2.735700 ms  DeleteObjects: 1.061800 ms)

Prepare: number of updated asset objects reloaded= 0
AssetImportParameters requested are different than current active one (requested -> active):
  custom:container-demuxer-ogg: 62fdf1f143b41e24485cea50d1cbac27 -> 
  custom:video-decoder-ogg-theora: a1e56fd34408186e4bbccfd4996cb3dc -> 
  custom:framework-win-MediaFoundation: 216162199b28c13a410421893ffa2e32 -> 
  custom:CustomObjectIndexerAttribute: 9a22284fe3817be447336de3de66b15e -> 
  custom:container-demuxer-webm: 4f35f7cbe854078d1ac9338744f61a02 -> 
  custom:container-muxer-webm: aa71ff27fc2769a1b78a27578f13a17b -> 
  custom:video-decoder-webm-vp8: 9c59270c3fd7afecdb556c50c9e8de78 -> 
  custom:SearchIndexIgnoredProperties: e643bd26f0fe6173181afceb89e7c659 -> 
  custom:AudioImporter_EditorPlatform: d09bf68614088b80899f8185d706f6e7 -> 
  custom:video-encoder-webm-vp8: eb34c28f22e8b96e1ab97ce403110664 -> 
  custom:audio-decoder-ogg-vorbis: bf7c407c2cedff20999df2af8eb42d56 -> 
  custom:audio-encoder-webm-vorbis: bf7c407c2cedff20999df2af8eb42d56 -> 
========================================================================
Received Prepare
Begin MonoManager ReloadAssembly
- Loaded All Assemblies, in  0.596 seconds
Refreshing native plugins compatible for Editor in 4.17 ms, found 3 plugins.
Native extension for WindowsStandalone target not found
Native extension for Android target not found
Mono: successfully reloaded assembly
- Finished resetting the current domain, in  1.159 seconds
Domain Reload Profiling: 1754ms
	BeginReloadAssembly (208ms)
		ExecutionOrderSort (0ms)
		DisableScriptedObjects (8ms)
		BackupInstance (0ms)
		ReleaseScriptingObjects (0ms)
		CreateAndSetChildDomain (37ms)
	RebuildCommonClasses (40ms)
	RebuildNativeTypeToScriptingClass (12ms)
	initialDomainReloadingComplete (38ms)
	LoadAllAssembliesAndSetupDomain (296ms)
		LoadAssemblies (416ms)
		RebuildTransferFunctionScriptingTraits (0ms)
		AnalyzeDomain (15ms)
			TypeCache.Refresh (6ms)
				TypeCache.ScanAssembly (0ms)
			ScanForSourceGeneratedMonoScriptInfo (0ms)
			ResolveRequiredComponents (8ms)
	FinalizeReload (1160ms)
		ReleaseScriptCaches (0ms)
		RebuildScriptCaches (0ms)
		SetupLoadedEditorAssemblies (432ms)
			LogAssemblyErrors (0ms)
			InitializePlatformSupportModulesInManaged (25ms)
			SetLoadedEditorAssemblies (5ms)
			RefreshPlugins (0ms)
			BeforeProcessingInitializeOnLoad (62ms)
			ProcessInitializeOnLoadAttributes (310ms)
			ProcessInitializeOnLoadMethodAttributes (25ms)
			AfterProcessingInitializeOnLoad (5ms)
			EditorAssembliesLoaded (0ms)
		ExecutionOrderSort2 (0ms)
		AwakeInstancesAfterBackupRestoration (18ms)
Refreshing native plugins compatible for Editor in 4.21 ms, found 3 plugins.
Preloading 0 native plugins for Editor in 0.00 ms.
Unloading 3345 Unused Serialized files (Serialized files now loaded: 0)
Unloading 62 unused Assets / (3.9 MB). Loaded Objects now: 3884.
Memory consumption went from 168.5 MB to 164.5 MB.
Total: 5.248500 ms (FindLiveObjects: 0.421200 ms CreateObjectMapping: 0.322700 ms MarkObjects: 3.190900 ms  DeleteObjects: 1.312300 ms)

Prepare: number of updated asset objects reloaded= 0
AssetImportParameters requested are different than current active one (requested -> active):
  custom:container-demuxer-ogg: 62fdf1f143b41e24485cea50d1cbac27 -> 
  custom:video-decoder-ogg-theora: a1e56fd34408186e4bbccfd4996cb3dc -> 
  custom:framework-win-MediaFoundation: 216162199b28c13a410421893ffa2e32 -> 
  custom:CustomObjectIndexerAttribute: 9a22284fe3817be447336de3de66b15e -> 
  custom:container-demuxer-webm: 4f35f7cbe854078d1ac9338744f61a02 -> 
  custom:container-muxer-webm: aa71ff27fc2769a1b78a27578f13a17b -> 
  custom:video-decoder-webm-vp8: 9c59270c3fd7afecdb556c50c9e8de78 -> 
  custom:SearchIndexIgnoredProperties: e643bd26f0fe6173181afceb89e7c659 -> 
  custom:AudioImporter_EditorPlatform: d09bf68614088b80899f8185d706f6e7 -> 
  custom:video-encoder-webm-vp8: eb34c28f22e8b96e1ab97ce403110664 -> 
  custom:audio-decoder-ogg-vorbis: bf7c407c2cedff20999df2af8eb42d56 -> 
  custom:audio-encoder-webm-vorbis: bf7c407c2cedff20999df2af8eb42d56 -> 
